c:\users\dorian\desktop\uqac\ia\vs2010\buckland_chapter2-state machines\westworldwithmessaging\debug\westworldwithmessaging.bsc
c:\users\dorian\desktop\uqac\ia\vs2010\buckland_chapter2-state machines\westworldwithmessaging\debug\crudetimer.sbr
c:\users\dorian\desktop\uqac\ia\vs2010\buckland_chapter2-state machines\westworldwithmessaging\debug\basegameentity.sbr
c:\users\dorian\desktop\uqac\ia\vs2010\buckland_chapter2-state machines\westworldwithmessaging\debug\entitymanager.sbr
c:\users\dorian\desktop\uqac\ia\vs2010\buckland_chapter2-state machines\westworldwithmessaging\debug\main.sbr
c:\users\dorian\desktop\uqac\ia\vs2010\buckland_chapter2-state machines\westworldwithmessaging\debug\messagedispatcher.sbr
c:\users\dorian\desktop\uqac\ia\vs2010\buckland_chapter2-state machines\westworldwithmessaging\debug\miner.sbr
c:\users\dorian\desktop\uqac\ia\vs2010\buckland_chapter2-state machines\westworldwithmessaging\debug\minerownedstates.sbr
c:\users\dorian\desktop\uqac\ia\vs2010\buckland_chapter2-state machines\westworldwithmessaging\debug\minerswife.sbr
c:\users\dorian\desktop\uqac\ia\vs2010\buckland_chapter2-state machines\westworldwithmessaging\debug\minerswifeownedstates.sbr
c:\users\dorian\desktop\uqac\ia\vs2010\buckland_chapter2-state machines\westworldwithmessaging\debug\minerswifeownedstates.obj
c:\users\dorian\desktop\uqac\ia\vs2010\buckland_chapter2-state machines\westworldwithmessaging\debug\minerswife.obj
c:\users\dorian\desktop\uqac\ia\vs2010\buckland_chapter2-state machines\westworldwithmessaging\debug\minerownedstates.obj
c:\users\dorian\desktop\uqac\ia\vs2010\buckland_chapter2-state machines\westworldwithmessaging\debug\miner.obj
c:\users\dorian\desktop\uqac\ia\vs2010\buckland_chapter2-state machines\westworldwithmessaging\debug\messagedispatcher.obj
c:\users\dorian\desktop\uqac\ia\vs2010\buckland_chapter2-state machines\westworldwithmessaging\debug\main.obj
c:\users\dorian\desktop\uqac\ia\vs2010\buckland_chapter2-state machines\westworldwithmessaging\debug\entitymanager.obj
c:\users\dorian\desktop\uqac\ia\vs2010\buckland_chapter2-state machines\westworldwithmessaging\debug\basegameentity.obj
c:\users\dorian\desktop\uqac\ia\vs2010\buckland_chapter2-state machines\westworldwithmessaging\debug\crudetimer.obj
c:\users\dorian\desktop\uqac\ia\vs2010\buckland_chapter2-state machines\westworldwithmessaging\debug\drunk.sbr
c:\users\dorian\desktop\uqac\ia\vs2010\buckland_chapter2-state machines\westworldwithmessaging\debug\drunkownedstates.sbr
c:\users\dorian\desktop\uqac\ia\vs2010\buckland_chapter2-state machines\westworldwithmessaging\debug\drunkownedstates.obj
c:\users\dorian\desktop\uqac\ia\vs2010\buckland_chapter2-state machines\westworldwithmessaging\debug\drunk.obj
c:\users\natiassa\desktop\git\ia-games\debug\basegameentity.sbr
c:\users\natiassa\desktop\git\ia-games\debug\drunk.sbr
c:\users\natiassa\desktop\git\ia-games\debug\drunkownedstates.sbr
c:\users\natiassa\desktop\git\ia-games\debug\entitymanager.sbr
c:\users\natiassa\desktop\git\ia-games\debug\messagedispatcher.sbr
c:\users\natiassa\desktop\git\ia-games\debug\miner.sbr
c:\users\natiassa\desktop\git\ia-games\debug\minerownedstates.sbr
c:\users\natiassa\desktop\git\ia-games\debug\minerswife.sbr
c:\users\natiassa\desktop\git\ia-games\debug\minerswifeownedstates.sbr
c:\users\natiassa\desktop\git\ia-games\debug\main.sbr
c:\users\natiassa\desktop\git\ia-games\debug\main.obj
c:\users\natiassa\desktop\git\ia-games\debug\minerswifeownedstates.obj
c:\users\natiassa\desktop\git\ia-games\debug\minerswife.obj
c:\users\natiassa\desktop\git\ia-games\debug\minerownedstates.obj
c:\users\natiassa\desktop\git\ia-games\debug\miner.obj
c:\users\natiassa\desktop\git\ia-games\debug\messagedispatcher.obj
c:\users\natiassa\desktop\git\ia-games\debug\entitymanager.obj
c:\users\natiassa\desktop\git\ia-games\debug\drunkownedstates.obj
c:\users\natiassa\desktop\git\ia-games\debug\drunk.obj
c:\users\natiassa\desktop\git\ia-games\debug\basegameentity.obj
c:\users\dorian\desktop\uqac\ia\vs2010\buckland_chapter2-state machines\westworldwithmessaging\debug\westworldwithmessaging.ilk
c:\users\dorian\desktop\uqac\ia\vs2010\buckland_chapter2-state machines\westworldwithmessaging\debug\westworldwithmessaging.exe
c:\users\dorian\desktop\uqac\ia\vs2010\buckland_chapter2-state machines\westworldwithmessaging\debug\westworldwithmessaging.pdb
c:\users\natiassa\desktop\git\ia-games\debug\crudetimer.obj
c:\users\natiassa\desktop\git\ia-games\debug\westworldwithmessaging.ilk
c:\users\natiassa\desktop\git\ia-games\debug\westworldwithmessaging.pdb
c:\users\natiassa\desktop\git\ia-games\debug\westworldwithmessaging.bsc
c:\users\natiassa\desktop\git\ia-games\debug\crudetimer.sbr
c:\users\natiassa\desktop\git\ia-games\.\debug\westworldwithmessaging.exe
c:\users\natiassa\desktop\git\ia-games\debug\westworl.0e2c3421.tlog\bscmake.command.1.tlog
c:\users\natiassa\desktop\git\ia-games\debug\westworl.0e2c3421.tlog\bscmake.read.1.tlog
c:\users\natiassa\desktop\git\ia-games\debug\westworl.0e2c3421.tlog\bscmake.write.1.tlog
c:\users\natiassa\desktop\git\ia-games\debug\westworl.0e2c3421.tlog\cl.command.1.tlog
c:\users\natiassa\desktop\git\ia-games\debug\westworl.0e2c3421.tlog\cl.read.1.tlog
c:\users\natiassa\desktop\git\ia-games\debug\westworl.0e2c3421.tlog\cl.write.1.tlog
c:\users\natiassa\desktop\git\ia-games\debug\westworl.0e2c3421.tlog\link.command.1.tlog
c:\users\natiassa\desktop\git\ia-games\debug\westworl.0e2c3421.tlog\link.read.1.tlog
c:\users\natiassa\desktop\git\ia-games\debug\westworl.0e2c3421.tlog\link.write.1.tlog
